Jul-06 19:30:25.999 [main] DEBUG nextflow.cli.Launcher - $> nextflow run /mnt/c/Users/guoyang/Desktop/TEST/HomomicsLab/backend/data/workflows/proj_da4ff818/plan_46902ce3ae53/nf_project/main.nf -work-dir /mnt/c/Users/guoyang/Desktop/TEST/HomomicsLab/backend/data/workflows/proj_da4ff818/plan_46902ce3ae53/work -resume -params-file /mnt/c/Users/guoyang/Desktop/TEST/HomomicsLab/backend/data/workflows/proj_da4ff818/plan_46902ce3ae53/params.json -with-trace /mnt/c/Users/guoyang/Desktop/TEST/HomomicsLab/backend/data/workflows/proj_da4ff818/plan_46902ce3ae53/trace.txt -with-timeline /mnt/c/Users/guoyang/Desktop/TEST/HomomicsLab/backend/data/workflows/proj_da4ff818/plan_46902ce3ae53/timeline.html
Jul-06 19:30:26.244 [main] DEBUG nextflow.cli.CmdRun - N E X T F L O W  ~  version 25.04.8
Jul-06 19:30:26.294 [main] DEBUG nextflow.plugin.PluginsFacade - Setting up plugin manager > mode=prod; embedded=false; plugins-dir=/home/guoyang/.nextflow/plugins; core-plugins: nf-amazon@2.15.0-patch2,nf-azure@1.16.0-patch1,nf-cloudcache@0.4.3,nf-codecommit@0.2.3,nf-console@1.2.1,nf-google@1.21.1,nf-k8s@1.0.1,nf-tower@1.11.4-patch2,nf-wave@1.12.1
Jul-06 19:30:26.435 [main] INFO  o.pf4j.DefaultPluginStatusProvider - Enabled plugins: []
Jul-06 19:30:26.444 [main] INFO  o.pf4j.DefaultPluginStatusProvider - Disabled plugins: []
Jul-06 19:30:26.453 [main] INFO  org.pf4j.DefaultPluginManager - PF4J version 3.12.0 in 'deployment' mode
Jul-06 19:30:26.514 [main] INFO  org.pf4j.AbstractPluginManager - No plugins
Jul-06 19:30:26.698 [main] DEBUG n.secret.LocalSecretsProvider - Secrets store: /home/guoyang/.nextflow/secrets/store.json
Jul-06 19:30:26.722 [main] DEBUG nextflow.secret.SecretsLoader - Discovered secrets providers: [nextflow.secret.LocalSecretsProvider@5226e402] - activable => nextflow.secret.LocalSecretsProvider@5226e402
Jul-06 19:30:26.844 [main] WARN  nextflow.config.ConfigBuilder - It appears you have never run this project before -- Option `-resume` is ignored
Jul-06 19:30:26.960 [main] DEBUG nextflow.cli.CmdRun - Applied DSL=2 from script declaration
Jul-06 19:30:27.027 [main] DEBUG nextflow.cli.CmdRun - Launching `/mnt/c/Users/guoyang/Desktop/TEST/HomomicsLab/backend/data/workflows/proj_da4ff818/plan_46902ce3ae53/nf_project/main.nf` [nasty_dubinsky] DSL2 - revision: 7628210d9b
Jul-06 19:30:27.029 [main] DEBUG nextflow.plugin.PluginsFacade - Plugins default=[]
Jul-06 19:30:27.031 [main] DEBUG nextflow.plugin.PluginsFacade - Plugins resolved requirement=[]
Jul-06 19:30:27.179 [main] DEBUG nextflow.Session - Session UUID: 93fb3730-00dd-45c9-a7ef-dddecff9ea49
Jul-06 19:30:27.183 [main] DEBUG nextflow.Session - Run name: nasty_dubinsky
Jul-06 19:30:27.184 [main] DEBUG nextflow.Session - Executor pool size: 16
Jul-06 19:30:27.203 [main] DEBUG nextflow.file.FilePorter - File porter settings maxRetries=3; maxTransfers=50; pollTimeout=null
Jul-06 19:30:27.219 [main] DEBUG nextflow.util.ThreadPoolBuilder - Creating thread pool 'FileTransfer' minSize=10; maxSize=48; workQueue=LinkedBlockingQueue[-1]; allowCoreThreadTimeout=false
Jul-06 19:30:27.311 [main] DEBUG nextflow.cli.CmdRun - 
  Version: 25.04.8 build 5956
  Created: 06-10-2025 21:19 UTC (07-10-2025 05:19 CDT)
  System: Linux 6.6.87.2-microsoft-standard-WSL2
  Runtime: Groovy 4.0.26 on OpenJDK 64-Bit Server VM 21.0.11+10-1-24.04.2-Ubuntu
  Encoding: UTF-8 (UTF-8)
  Process: 13513@HONOR-DRB-P [127.0.1.1]
  CPUs: 16 - Mem: 15.4 GB (9.4 GB) - Swap: 4 GB (2.4 GB)
Jul-06 19:30:27.410 [main] DEBUG nextflow.Session - Work-dir: /mnt/c/Users/guoyang/Desktop/TEST/HomomicsLab/backend/data/workflows/proj_da4ff818/plan_46902ce3ae53/work [v9fs]
Jul-06 19:30:27.418 [main] DEBUG nextflow.Session - Script base path does not exist or is not a directory: /mnt/c/Users/guoyang/Desktop/TEST/HomomicsLab/backend/data/workflows/proj_da4ff818/plan_46902ce3ae53/nf_project/bin
Jul-06 19:30:27.434 [main] DEBUG nextflow.executor.ExecutorFactory - Extension executors providers=[]
Jul-06 19:30:27.471 [main] DEBUG nextflow.Session - Observer factory: DefaultObserverFactory
Jul-06 19:30:27.543 [main] DEBUG nextflow.Session - Observer factory (v2): LinObserverFactory
Jul-06 19:30:27.635 [main] DEBUG nextflow.cache.CacheFactory - Using Nextflow cache factory: nextflow.cache.DefaultCacheFactory
Jul-06 19:30:27.685 [main] DEBUG nextflow.util.CustomThreadPool - Creating default thread pool > poolSize: 17; maxThreads: 1000
Jul-06 19:30:27.984 [main] DEBUG nextflow.Session - Session start
Jul-06 19:30:28.000 [main] DEBUG nextflow.trace.TraceFileObserver - Workflow started -- trace file: /mnt/c/Users/guoyang/Desktop/TEST/HomomicsLab/backend/data/workflows/proj_da4ff818/plan_46902ce3ae53/trace.txt
Jul-06 19:30:29.826 [main] DEBUG nextflow.script.ScriptRunner - > Launching execution
Jul-06 19:30:30.300 [main] DEBUG nextflow.executor.ExecutorFactory - << taskConfig executor: null
Jul-06 19:30:30.302 [main] DEBUG nextflow.executor.ExecutorFactory - >> processorType: 'local'
Jul-06 19:30:30.307 [main] DEBUG nextflow.executor.Executor - [warm up] executor > local
Jul-06 19:30:30.327 [main] DEBUG n.processor.LocalPollingMonitor - Creating local task monitor for executor 'local' > cpus=16; memory=15.4 GB; capacity=16; pollInterval=100ms; dumpInterval=5m
Jul-06 19:30:30.334 [main] DEBUG n.processor.TaskPollingMonitor - >>> barrier register (monitor: local)
Jul-06 19:30:30.447 [main] DEBUG nextflow.processor.TaskProcessor - Creating process 'SC_QC': maxForks=0; fair=false; array=0
Jul-06 19:30:30.596 [main] DEBUG nextflow.executor.ExecutorFactory - << taskConfig executor: null
Jul-06 19:30:30.601 [main] DEBUG nextflow.executor.ExecutorFactory - >> processorType: 'local'
Jul-06 19:30:30.608 [main] DEBUG nextflow.processor.TaskProcessor - Creating process 'SC_NORMALIZE': maxForks=0; fair=false; array=0
Jul-06 19:30:30.653 [main] DEBUG nextflow.executor.ExecutorFactory - << taskConfig executor: null
Jul-06 19:30:30.654 [main] DEBUG nextflow.executor.ExecutorFactory - >> processorType: 'local'
Jul-06 19:30:30.666 [main] DEBUG nextflow.processor.TaskProcessor - Creating process 'SC_CLUSTER': maxForks=0; fair=false; array=0
Jul-06 19:30:30.686 [main] DEBUG nextflow.Session - Workflow process names [dsl2]: SC_QC, SC_CLUSTER, SC_NORMALIZE
Jul-06 19:30:30.702 [main] DEBUG nextflow.Session - Igniting dataflow network (4)
Jul-06 19:30:30.753 [main] DEBUG nextflow.processor.TaskProcessor - Starting process > SC_QC
Jul-06 19:30:30.766 [main] DEBUG nextflow.processor.TaskProcessor - Starting process > SC_NORMALIZE
Jul-06 19:30:30.773 [main] DEBUG nextflow.processor.TaskProcessor - Starting process > SC_CLUSTER
Jul-06 19:30:30.779 [main] DEBUG nextflow.script.ScriptRunner - Parsed script files:
  Script_87142a4686749e35: /mnt/c/Users/guoyang/Desktop/TEST/HomomicsLab/backend/data/workflows/proj_da4ff818/plan_46902ce3ae53/nf_project/main.nf
Jul-06 19:30:30.784 [main] DEBUG nextflow.script.ScriptRunner - > Awaiting termination 
Jul-06 19:30:30.785 [main] DEBUG nextflow.Session - Session await
Jul-06 19:30:31.612 [Task submitter] DEBUG n.executor.local.LocalTaskHandler - Launch cmd line: /bin/bash -ue .command.run
Jul-06 19:30:31.628 [Task submitter] INFO  nextflow.Session - [11/1adfef] Submitted process > SC_QC (PA12_sc)
Jul-06 19:30:50.168 [Task monitor] DEBUG n.processor.TaskPollingMonitor - Task completed > TaskHandler[id: 1; name: SC_QC (PA12_sc); status: COMPLETED; exit: 0; error: -; workDir: /mnt/c/Users/guoyang/Desktop/TEST/HomomicsLab/backend/data/workflows/proj_da4ff818/plan_46902ce3ae53/work/11/1adfef8957530dc40da4cf0437daf5]
Jul-06 19:30:50.175 [Task monitor] DEBUG nextflow.util.ThreadPoolBuilder - Creating thread pool 'TaskFinalizer' minSize=10; maxSize=48; workQueue=LinkedBlockingQueue[-1]; allowCoreThreadTimeout=false
Jul-06 19:30:50.304 [Task submitter] DEBUG n.executor.local.LocalTaskHandler - Launch cmd line: /bin/bash -ue .command.run
Jul-06 19:30:50.312 [Task submitter] INFO  nextflow.Session - [a5/8d8b45] Submitted process > SC_NORMALIZE (PA12_sc)
Jul-06 19:31:08.405 [Task monitor] DEBUG n.processor.TaskPollingMonitor - Task completed > TaskHandler[id: 2; name: SC_NORMALIZE (PA12_sc); status: COMPLETED; exit: 0; error: -; workDir: /mnt/c/Users/guoyang/Desktop/TEST/HomomicsLab/backend/data/workflows/proj_da4ff818/plan_46902ce3ae53/work/a5/8d8b45772d3b9044ba6f7a632e2404]
Jul-06 19:31:08.539 [Task submitter] DEBUG n.executor.local.LocalTaskHandler - Launch cmd line: /bin/bash -ue .command.run
Jul-06 19:31:08.543 [Task submitter] INFO  nextflow.Session - [5b/dfc4d3] Submitted process > SC_CLUSTER (PA12_sc)
Jul-06 19:32:21.210 [Task monitor] DEBUG n.processor.TaskPollingMonitor - Task completed > TaskHandler[id: 3; name: SC_CLUSTER (PA12_sc); status: COMPLETED; exit: 0; error: -; workDir: /mnt/c/Users/guoyang/Desktop/TEST/HomomicsLab/backend/data/workflows/proj_da4ff818/plan_46902ce3ae53/work/5b/dfc4d314199fb1698fd022c8603e55]
Jul-06 19:32:21.254 [TaskFinalizer-3] DEBUG nextflow.util.ThreadPoolBuilder - Creating thread pool 'PublishDir' minSize=10; maxSize=48; workQueue=LinkedBlockingQueue[-1]; allowCoreThreadTimeout=false
Jul-06 19:32:21.276 [main] DEBUG nextflow.Session - Session await > all processes finished
Jul-06 19:32:21.313 [Task monitor] DEBUG n.processor.TaskPollingMonitor - <<< barrier arrives (monitor: local) - terminating tasks monitor poll loop
Jul-06 19:32:21.316 [main] DEBUG nextflow.Session - Session await > all barriers passed
Jul-06 19:32:21.323 [main] DEBUG nextflow.util.ThreadPoolManager - Thread pool 'TaskFinalizer' shutdown completed (hard=false)
Jul-06 19:32:22.155 [main] DEBUG nextflow.util.ThreadPoolManager - Thread pool 'PublishDir' shutdown completed (hard=false)
Jul-06 19:32:22.163 [main] DEBUG n.trace.WorkflowStatsObserver - Workflow completed > WorkflowStats[succeededCount=3; failedCount=0; ignoredCount=0; cachedCount=0; pendingCount=0; submittedCount=0; runningCount=0; retriesCount=0; abortedCount=0; succeedDuration=1m 48s; failedDuration=0ms; cachedDuration=0ms;loadCpus=0; loadMemory=0; peakRunning=1; peakCpus=1; peakMemory=0; ]
Jul-06 19:32:22.165 [main] DEBUG nextflow.trace.TraceFileObserver - Workflow completed -- saving trace file
Jul-06 19:32:22.175 [main] DEBUG nextflow.trace.TimelineObserver - Workflow completed -- rendering execution timeline
Jul-06 19:32:22.523 [main] DEBUG nextflow.cache.CacheDB - Closing CacheDB done
Jul-06 19:32:22.555 [main] DEBUG nextflow.util.ThreadPoolManager - Thread pool 'FileTransfer' shutdown completed (hard=false)
Jul-06 19:32:22.559 [main] DEBUG nextflow.script.ScriptRunner - > Execution complete -- Goodbye
