Jul-06 19:12:15.497 [main] DEBUG nextflow.cli.Launcher - $> nextflow run nf_project/main.nf -work-dir work -params-file params.json -with-trace trace.txt
Jul-06 19:12:15.653 [main] DEBUG nextflow.cli.CmdRun - N E X T F L O W  ~  version 25.04.8
Jul-06 19:12:15.673 [main] DEBUG nextflow.plugin.PluginsFacade - Setting up plugin manager > mode=prod; embedded=false; plugins-dir=/home/guoyang/.nextflow/plugins; core-plugins: nf-amazon@2.15.0-patch2,nf-azure@1.16.0-patch1,nf-cloudcache@0.4.3,nf-codecommit@0.2.3,nf-console@1.2.1,nf-google@1.21.1,nf-k8s@1.0.1,nf-tower@1.11.4-patch2,nf-wave@1.12.1
Jul-06 19:12:15.699 [main] INFO  o.pf4j.DefaultPluginStatusProvider - Enabled plugins: []
Jul-06 19:12:15.703 [main] INFO  o.pf4j.DefaultPluginStatusProvider - Disabled plugins: []
Jul-06 19:12:15.706 [main] INFO  org.pf4j.DefaultPluginManager - PF4J version 3.12.0 in 'deployment' mode
Jul-06 19:12:15.724 [main] INFO  org.pf4j.AbstractPluginManager - No plugins
Jul-06 19:12:15.767 [main] DEBUG n.secret.LocalSecretsProvider - Secrets store: /home/guoyang/.nextflow/secrets/store.json
Jul-06 19:12:15.777 [main] DEBUG nextflow.secret.SecretsLoader - Discovered secrets providers: [nextflow.secret.LocalSecretsProvider@4650a407] - activable => nextflow.secret.LocalSecretsProvider@4650a407
Jul-06 19:12:15.826 [main] DEBUG nextflow.cli.CmdRun - Applied DSL=2 from script declaration
Jul-06 19:12:15.840 [main] DEBUG nextflow.cli.CmdRun - Launching `nf_project/main.nf` [elated_panini] DSL2 - revision: 7628210d9b
Jul-06 19:12:15.841 [main] DEBUG nextflow.plugin.PluginsFacade - Plugins default=[]
Jul-06 19:12:15.842 [main] DEBUG nextflow.plugin.PluginsFacade - Plugins resolved requirement=[]
Jul-06 19:12:15.880 [main] DEBUG nextflow.Session - Session UUID: 827a1625-5435-40e7-be08-379b38f1a431
Jul-06 19:12:15.881 [main] DEBUG nextflow.Session - Run name: elated_panini
Jul-06 19:12:15.881 [main] DEBUG nextflow.Session - Executor pool size: 16
Jul-06 19:12:15.889 [main] DEBUG nextflow.file.FilePorter - File porter settings maxRetries=3; maxTransfers=50; pollTimeout=null
Jul-06 19:12:15.895 [main] DEBUG nextflow.util.ThreadPoolBuilder - Creating thread pool 'FileTransfer' minSize=10; maxSize=48; workQueue=LinkedBlockingQueue[-1]; allowCoreThreadTimeout=false
Jul-06 19:12:15.914 [main] DEBUG nextflow.cli.CmdRun - 
  Version: 25.04.8 build 5956
  Created: 06-10-2025 21:19 UTC (07-10-2025 05:19 CDT)
  System: Linux 6.6.87.2-microsoft-standard-WSL2
  Runtime: Groovy 4.0.26 on OpenJDK 64-Bit Server VM 21.0.11+10-1-24.04.2-Ubuntu
  Encoding: UTF-8 (UTF-8)
  Process: 4400@HONOR-DRB-P [127.0.1.1]
  CPUs: 16 - Mem: 15.4 GB (9.5 GB) - Swap: 4 GB (4 GB)
Jul-06 19:12:15.944 [main] DEBUG nextflow.Session - Work-dir: /mnt/c/Users/guoyang/Desktop/TEST/HomomicsLab/backend/data/workflows/proj_da4ff818/plan_e554b35e69e1/work [v9fs]
Jul-06 19:12:15.945 [main] DEBUG nextflow.Session - Script base path does not exist or is not a directory: /mnt/c/Users/guoyang/Desktop/TEST/HomomicsLab/backend/data/workflows/proj_da4ff818/plan_e554b35e69e1/nf_project/bin
Jul-06 19:12:15.954 [main] DEBUG nextflow.executor.ExecutorFactory - Extension executors providers=[]
Jul-06 19:12:15.961 [main] DEBUG nextflow.Session - Observer factory: DefaultObserverFactory
Jul-06 19:12:15.971 [main] DEBUG nextflow.Session - Observer factory (v2): LinObserverFactory
Jul-06 19:12:16.004 [main] DEBUG nextflow.cache.CacheFactory - Using Nextflow cache factory: nextflow.cache.DefaultCacheFactory
Jul-06 19:12:16.013 [main] DEBUG nextflow.util.CustomThreadPool - Creating default thread pool > poolSize: 17; maxThreads: 1000
Jul-06 19:12:16.140 [main] DEBUG nextflow.Session - Session start
Jul-06 19:12:16.146 [main] DEBUG nextflow.trace.TraceFileObserver - Workflow started -- trace file: /mnt/c/Users/guoyang/Desktop/TEST/HomomicsLab/backend/data/workflows/proj_da4ff818/plan_e554b35e69e1/trace.txt
Jul-06 19:12:16.778 [main] DEBUG nextflow.script.ScriptRunner - > Launching execution
Jul-06 19:12:16.953 [main] DEBUG nextflow.executor.ExecutorFactory - << taskConfig executor: null
Jul-06 19:12:16.954 [main] DEBUG nextflow.executor.ExecutorFactory - >> processorType: 'local'
Jul-06 19:12:16.961 [main] DEBUG nextflow.executor.Executor - [warm up] executor > local
Jul-06 19:12:16.969 [main] DEBUG n.processor.LocalPollingMonitor - Creating local task monitor for executor 'local' > cpus=16; memory=15.4 GB; capacity=16; pollInterval=100ms; dumpInterval=5m
Jul-06 19:12:16.972 [main] DEBUG n.processor.TaskPollingMonitor - >>> barrier register (monitor: local)
Jul-06 19:12:17.008 [main] DEBUG nextflow.processor.TaskProcessor - Creating process 'SC_QC': maxForks=0; fair=false; array=0
Jul-06 19:12:17.044 [main] DEBUG nextflow.executor.ExecutorFactory - << taskConfig executor: null
Jul-06 19:12:17.045 [main] DEBUG nextflow.executor.ExecutorFactory - >> processorType: 'local'
Jul-06 19:12:17.046 [main] DEBUG nextflow.processor.TaskProcessor - Creating process 'SC_NORMALIZE': maxForks=0; fair=false; array=0
Jul-06 19:12:17.058 [main] DEBUG nextflow.executor.ExecutorFactory - << taskConfig executor: null
Jul-06 19:12:17.058 [main] DEBUG nextflow.executor.ExecutorFactory - >> processorType: 'local'
Jul-06 19:12:17.062 [main] DEBUG nextflow.processor.TaskProcessor - Creating process 'SC_CLUSTER': maxForks=0; fair=false; array=0
Jul-06 19:12:17.068 [main] DEBUG nextflow.Session - Workflow process names [dsl2]: SC_QC, SC_CLUSTER, SC_NORMALIZE
Jul-06 19:12:17.071 [main] DEBUG nextflow.Session - Igniting dataflow network (4)
Jul-06 19:12:17.076 [main] DEBUG nextflow.processor.TaskProcessor - Starting process > SC_QC
Jul-06 19:12:17.078 [main] DEBUG nextflow.processor.TaskProcessor - Starting process > SC_NORMALIZE
Jul-06 19:12:17.079 [main] DEBUG nextflow.processor.TaskProcessor - Starting process > SC_CLUSTER
Jul-06 19:12:17.080 [main] DEBUG nextflow.script.ScriptRunner - Parsed script files:
  Script_87142a4686749e35: /mnt/c/Users/guoyang/Desktop/TEST/HomomicsLab/backend/data/workflows/proj_da4ff818/plan_e554b35e69e1/nf_project/main.nf
Jul-06 19:12:17.080 [main] DEBUG nextflow.script.ScriptRunner - > Awaiting termination 
Jul-06 19:12:17.080 [main] DEBUG nextflow.Session - Session await
Jul-06 19:12:17.326 [Task submitter] DEBUG n.executor.local.LocalTaskHandler - Launch cmd line: /bin/bash -ue .command.run
Jul-06 19:12:17.329 [Task submitter] INFO  nextflow.Session - [38/6154fe] Submitted process > SC_QC (PA12_sc)
Jul-06 19:12:30.129 [Task monitor] DEBUG n.processor.TaskPollingMonitor - Task completed > TaskHandler[id: 1; name: SC_QC (PA12_sc); status: COMPLETED; exit: 0; error: -; workDir: /mnt/c/Users/guoyang/Desktop/TEST/HomomicsLab/backend/data/workflows/proj_da4ff818/plan_e554b35e69e1/work/38/6154fe88c82d1c23d2485768e0f03f]
Jul-06 19:12:30.130 [Task monitor] DEBUG nextflow.util.ThreadPoolBuilder - Creating thread pool 'TaskFinalizer' minSize=10; maxSize=48; workQueue=LinkedBlockingQueue[-1]; allowCoreThreadTimeout=false
Jul-06 19:12:30.186 [Task submitter] DEBUG n.executor.local.LocalTaskHandler - Launch cmd line: /bin/bash -ue .command.run
Jul-06 19:12:30.187 [Task submitter] INFO  nextflow.Session - [3e/5040ad] Submitted process > SC_NORMALIZE (PA12_sc)
Jul-06 19:12:57.345 [Task monitor] DEBUG n.processor.TaskPollingMonitor - Task completed > TaskHandler[id: 2; name: SC_NORMALIZE (PA12_sc); status: COMPLETED; exit: 0; error: -; workDir: /mnt/c/Users/guoyang/Desktop/TEST/HomomicsLab/backend/data/workflows/proj_da4ff818/plan_e554b35e69e1/work/3e/5040ad9336660d50209ca7c9a7963f]
Jul-06 19:12:57.415 [Task submitter] DEBUG n.executor.local.LocalTaskHandler - Launch cmd line: /bin/bash -ue .command.run
Jul-06 19:12:57.416 [Task submitter] INFO  nextflow.Session - [0c/aadd5f] Submitted process > SC_CLUSTER (PA12_sc)
Jul-06 19:13:56.126 [Task monitor] DEBUG n.processor.TaskPollingMonitor - Task completed > TaskHandler[id: 3; name: SC_CLUSTER (PA12_sc); status: COMPLETED; exit: 0; error: -; workDir: /mnt/c/Users/guoyang/Desktop/TEST/HomomicsLab/backend/data/workflows/proj_da4ff818/plan_e554b35e69e1/work/0c/aadd5fab6390e2400ffafca9e904ba]
Jul-06 19:13:56.237 [TaskFinalizer-3] DEBUG nextflow.util.ThreadPoolBuilder - Creating thread pool 'PublishDir' minSize=10; maxSize=48; workQueue=LinkedBlockingQueue[-1]; allowCoreThreadTimeout=false
Jul-06 19:13:56.244 [main] DEBUG nextflow.Session - Session await > all processes finished
Jul-06 19:13:56.325 [Task monitor] DEBUG n.processor.TaskPollingMonitor - <<< barrier arrives (monitor: local) - terminating tasks monitor poll loop
Jul-06 19:13:56.325 [main] DEBUG nextflow.Session - Session await > all barriers passed
Jul-06 19:13:56.333 [main] DEBUG nextflow.util.ThreadPoolManager - Thread pool 'TaskFinalizer' shutdown completed (hard=false)
Jul-06 19:13:57.212 [main] DEBUG nextflow.util.ThreadPoolManager - Thread pool 'PublishDir' shutdown completed (hard=false)
Jul-06 19:13:57.224 [main] DEBUG n.trace.WorkflowStatsObserver - Workflow completed > WorkflowStats[succeededCount=3; failedCount=0; ignoredCount=0; cachedCount=0; pendingCount=0; submittedCount=0; runningCount=0; retriesCount=0; abortedCount=0; succeedDuration=1m 38s; failedDuration=0ms; cachedDuration=0ms;loadCpus=0; loadMemory=0; peakRunning=1; peakCpus=1; peakMemory=0; ]
Jul-06 19:13:57.225 [main] DEBUG nextflow.trace.TraceFileObserver - Workflow completed -- saving trace file
Jul-06 19:13:57.392 [main] DEBUG nextflow.cache.CacheDB - Closing CacheDB done
Jul-06 19:13:57.427 [main] DEBUG nextflow.util.ThreadPoolManager - Thread pool 'FileTransfer' shutdown completed (hard=false)
Jul-06 19:13:57.428 [main] DEBUG nextflow.script.ScriptRunner - > Execution complete -- Goodbye
